<?xml version="1.0" encoding="UTF-8"?>
<!-- Generated by org.testng.reporters.JUnitXMLReporter -->
<testsuite hostname="DESKTOP-98E3OTK" failures="0" tests="5" name="Test" time="0.094" errors="0" timestamp="25 May 2019 03:35:48 GMT">
  <testcase classname="surefireplugin.ApiTest" name="api" time="0.016"/>
  <testcase classname="surefireplugin.AppiumTest" name="appium" time="0.016"/>
  <testcase classname="surefireplugin.SeleniumTest" name="selenium" time="0.015"/>
  <testcase classname="surefireplugin.Selenium" name="seleniumwithout" time="0.0"/>
  <testcase classname="surefireplugin.DesktopTest" name="desktop" time="0.016"/>
</testsuite> <!-- Test -->
