<?xml version="1.0" encoding="UTF-8"?>
<!-- Generated by org.testng.reporters.JUnitXMLReporter -->
<testsuite ignored="0" hostname="DESKTOP-98E3OTK" failures="0" tests="7" name="Default test" time="0.126" errors="0" timestamp="25 May 2019 04:01:37 GMT">
  <testcase classname="surefireplugin.AppiumTest" name="appium" time="0.016"/>
  <testcase classname="surefireplugin.MainAppiumTest" name="appummain" time="0.0"/>
  <testcase classname="surefireplugin.Selenium" name="seleniumwithout" time="0.015"/>
  <testcase classname="surefireplugin.DesktopTest" name="desktop" time="0.0"/>
  <testcase classname="surefireplugin.ApiTest" name="api" time="0.016"/>
  <testcase classname="surefireplugin.MainApiTest" name="apimain" time="0.016"/>
  <testcase classname="surefireplugin.SeleniumTest" name="selenium" time="0.0"/>
</testsuite> <!-- Default test -->
