<?xml version="1.0" encoding="UTF-8"?>
<testng-results ignored="0" total="7" passed="7" failed="0" skipped="0">
  <reporter-output>
  </reporter-output>
  <suite started-at="2019-05-25T04:01:37Z" name="Default suite" finished-at="2019-05-25T04:01:37Z" duration-ms="126">
    <groups>
    </groups>
    <test started-at="2019-05-25T04:01:37Z" name="Default test" finished-at="2019-05-25T04:01:37Z" duration-ms="126">
      <class name="surefireplugin.MainAppiumTest">
        <test-method signature="appummain()[pri:0, instance:surefireplugin.MainAppiumTest@20d525]" started-at="2019-05-25T04:01:37Z" name="appummain" finished-at="2019-05-25T04:01:37Z" duration-ms="0" status="PASS">
          <reporter-output>
          </reporter-output>
        </test-method> <!-- appummain -->
      </class> <!-- surefireplugin.MainAppiumTest -->
      <class name="surefireplugin.AppiumTest">
        <test-method signature="appium()[pri:0, instance:surefireplugin.AppiumTest@7c9d8e2]" started-at="2019-05-25T04:01:37Z" name="appium" finished-at="2019-05-25T04:01:37Z" duration-ms="16" status="PASS">
          <reporter-output>
          </reporter-output>
        </test-method> <!-- appium -->
      </class> <!-- surefireplugin.AppiumTest -->
      <class name="surefireplugin.Selenium">
        <test-method signature="seleniumwithout()[pri:0, instance:surefireplugin.Selenium@6200f9cb]" started-at="2019-05-25T04:01:37Z" name="seleniumwithout" finished-at="2019-05-25T04:01:37Z" duration-ms="15" status="PASS">
          <reporter-output>
          </reporter-output>
        </test-method> <!-- seleniumwithout -->
      </class> <!-- surefireplugin.Selenium -->
      <class name="surefireplugin.DesktopTest">
        <test-method signature="desktop()[pri:0, instance:surefireplugin.DesktopTest@2002fc1d]" started-at="2019-05-25T04:01:37Z" name="desktop" finished-at="2019-05-25T04:01:37Z" duration-ms="0" status="PASS">
          <reporter-output>
          </reporter-output>
        </test-method> <!-- desktop -->
      </class> <!-- surefireplugin.DesktopTest -->
      <class name="surefireplugin.ApiTest">
        <test-method signature="api()[pri:0, instance:surefireplugin.ApiTest@69453e37]" started-at="2019-05-25T04:01:37Z" name="api" finished-at="2019-05-25T04:01:37Z" duration-ms="16" status="PASS">
          <reporter-output>
          </reporter-output>
        </test-method> <!-- api -->
      </class> <!-- surefireplugin.ApiTest -->
      <class name="surefireplugin.MainApiTest">
        <test-method signature="apimain()[pri:0, instance:surefireplugin.MainApiTest@6f4a47c7]" started-at="2019-05-25T04:01:37Z" name="apimain" finished-at="2019-05-25T04:01:37Z" duration-ms="16" status="PASS">
          <reporter-output>
          </reporter-output>
        </test-method> <!-- apimain -->
      </class> <!-- surefireplugin.MainApiTest -->
      <class name="surefireplugin.SeleniumTest">
        <test-method signature="selenium()[pri:0, instance:surefireplugin.SeleniumTest@ae13544]" started-at="2019-05-25T04:01:37Z" name="selenium" finished-at="2019-05-25T04:01:37Z" duration-ms="0" status="PASS">
          <reporter-output>
          </reporter-output>
        </test-method> <!-- selenium -->
      </class> <!-- surefireplugin.SeleniumTest -->
    </test> <!-- Default test -->
  </suite> <!-- Default suite -->
</testng-results>
